<?xml version="1.0" encoding="UTF-8"?>
<!-- Generated by org.testng.reporters.JUnitReportReporter -->
<testsuite skipped="0" hostname="DESKTOP-5KU8V7V" name="stepdefinition.TestRunner" tests="2" failures="0" timestamp="2020-11-10T14:22:25 IST" time="42.577" errors="0">
  <testcase name="runScenario" time="38.342" classname="stepdefinition.TestRunner"/>
  <system-out/>
  <testcase name="runScenario" time="4.235" classname="stepdefinition.TestRunner"/>
  <system-out/>
</testsuite> <!-- stepdefinition.TestRunner -->
