<?xml version="1.0" encoding="UTF-8"?>
<!-- Generated by org.testng.reporters.JUnitReportReporter -->
<testsuite skipped="0" hostname="DESKTOP-5KU8V7V" name="stepdefinition.TestRunner" tests="2" failures="0" timestamp="2020-11-06T15:22:35 IST" time="29.583" errors="0">
  <testcase name="runScenario" time="3.540" classname="stepdefinition.TestRunner"/>
  <system-out/>
  <testcase name="runScenario" time="26.043" classname="stepdefinition.TestRunner"/>
  <system-out/>
</testsuite> <!-- stepdefinition.TestRunner -->
